0 info it worked if it ends with ok
1 verbose cli [ 'C:\\Program Files\\nodejs\\node.exe',
1 verbose cli   'C:\\Program Files\\nodejs\\node_modules\\npm\\bin\\npm-cli.js',
1 verbose cli   'install',
1 verbose cli   '--save',
1 verbose cli   'body-parser' ]
2 info using npm@4.1.2
3 info using node@v7.7.4
4 silly loadCurrentTree Starting
5 silly install loadCurrentTree
6 silly install readLocalPackageData
7 silly fetchPackageMetaData body-parser
8 silly fetchNamedPackageData body-parser
9 silly mapToRegistry name body-parser
10 silly mapToRegistry using default registry
11 silly mapToRegistry registry https://registry.npmjs.org/
12 silly mapToRegistry data Result {
12 silly mapToRegistry   raw: 'body-parser',
12 silly mapToRegistry   scope: null,
12 silly mapToRegistry   escapedName: 'body-parser',
12 silly mapToRegistry   name: 'body-parser',
12 silly mapToRegistry   rawSpec: '',
12 silly mapToRegistry   spec: 'latest',
12 silly mapToRegistry   type: 'tag' }
13 silly mapToRegistry uri https://registry.npmjs.org/body-parser
14 verbose request uri https://registry.npmjs.org/body-parser
15 verbose request no auth needed
16 info attempt registry request try #1 at 2:35:43 PM
17 verbose request id 29b66e42e363dba2
18 http request GET https://registry.npmjs.org/body-parser
19 http 200 https://registry.npmjs.org/body-parser
20 verbose headers { server: 'nginx/1.10.1',
20 verbose headers   'content-type': 'application/json',
20 verbose headers   'last-modified': 'Thu, 23 Mar 2017 15:32:20 GMT',
20 verbose headers   etag: 'W/"58d3ea84-201fa"',
20 verbose headers   'content-encoding': 'gzip',
20 verbose headers   'cache-control': 'max-age=300',
20 verbose headers   'content-length': '14596',
20 verbose headers   'accept-ranges': 'bytes',
20 verbose headers   date: 'Sat, 25 Mar 2017 12:35:45 GMT',
20 verbose headers   via: '1.1 varnish',
20 verbose headers   age: '256',
20 verbose headers   connection: 'keep-alive',
20 verbose headers   'x-served-by': 'cache-hhn1527-HHN',
20 verbose headers   'x-cache': 'HIT',
20 verbose headers   'x-cache-hits': '5',
20 verbose headers   'x-timer': 'S1490445345.144940,VS0,VE0',
20 verbose headers   vary: 'Accept-Encoding' }
21 silly get cb [ 200,
21 silly get   { server: 'nginx/1.10.1',
21 silly get     'content-type': 'application/json',
21 silly get     'last-modified': 'Thu, 23 Mar 2017 15:32:20 GMT',
21 silly get     etag: 'W/"58d3ea84-201fa"',
21 silly get     'content-encoding': 'gzip',
21 silly get     'cache-control': 'max-age=300',
21 silly get     'content-length': '14596',
21 silly get     'accept-ranges': 'bytes',
21 silly get     date: 'Sat, 25 Mar 2017 12:35:45 GMT',
21 silly get     via: '1.1 varnish',
21 silly get     age: '256',
21 silly get     connection: 'keep-alive',
21 silly get     'x-served-by': 'cache-hhn1527-HHN',
21 silly get     'x-cache': 'HIT',
21 silly get     'x-cache-hits': '5',
21 silly get     'x-timer': 'S1490445345.144940,VS0,VE0',
21 silly get     vary: 'Accept-Encoding' } ]
22 verbose get saving body-parser to C:\Users\ALS\AppData\Roaming\npm-cache\registry.npmjs.org\body-parser\.cache.json
23 verbose correctMkdir C:\Users\ALS\AppData\Roaming\npm-cache correctMkdir not in flight; initializing
24 silly install normalizeTree
25 silly loadCurrentTree Finishing
26 silly loadIdealTree Starting
27 silly install loadIdealTree
28 silly cloneCurrentTree Starting
29 silly install cloneCurrentTreeToIdealTree
30 silly cloneCurrentTree Finishing
31 silly loadShrinkwrap Starting
32 silly install loadShrinkwrap
33 silly loadShrinkwrap Finishing
34 silly loadAllDepsIntoIdealTree Starting
35 silly install loadAllDepsIntoIdealTree
36 silly resolveWithNewModule body-parser@1.17.1 checking installable status
37 silly cache add args [ 'body-parser', null ]
38 verbose cache add spec body-parser
39 silly cache add parsed spec Result {
39 silly cache add   raw: 'body-parser',
39 silly cache add   scope: null,
39 silly cache add   escapedName: 'body-parser',
39 silly cache add   name: 'body-parser',
39 silly cache add   rawSpec: '',
39 silly cache add   spec: 'latest',
39 silly cache add   type: 'tag' }
40 silly addNamed body-parser@latest
41 verbose addNamed "latest" is being treated as a dist-tag for body-parser
42 info addNameTag [ 'body-parser', 'latest' ]
43 silly mapToRegistry name body-parser
44 silly mapToRegistry using default registry
45 silly mapToRegistry registry https://registry.npmjs.org/
46 silly mapToRegistry data Result {
46 silly mapToRegistry   raw: 'body-parser',
46 silly mapToRegistry   scope: null,
46 silly mapToRegistry   escapedName: 'body-parser',
46 silly mapToRegistry   name: 'body-parser',
46 silly mapToRegistry   rawSpec: '',
46 silly mapToRegistry   spec: 'latest',
46 silly mapToRegistry   type: 'tag' }
47 silly mapToRegistry uri https://registry.npmjs.org/body-parser
48 verbose addNameTag registry:https://registry.npmjs.org/body-parser not in flight; fetching
49 verbose get https://registry.npmjs.org/body-parser not expired, no request
50 silly addNameTag next cb for body-parser with tag latest
51 silly addNamed body-parser@1.17.1
52 verbose addNamed "1.17.1" is a plain semver version for body-parser
53 silly mapToRegistry name body-parser
54 silly mapToRegistry using default registry
55 silly mapToRegistry registry https://registry.npmjs.org/
56 silly mapToRegistry data Result {
56 silly mapToRegistry   raw: 'body-parser',
56 silly mapToRegistry   scope: null,
56 silly mapToRegistry   escapedName: 'body-parser',
56 silly mapToRegistry   name: 'body-parser',
56 silly mapToRegistry   rawSpec: '',
56 silly mapToRegistry   spec: 'latest',
56 silly mapToRegistry   type: 'tag' }
57 silly mapToRegistry uri https://registry.npmjs.org/body-parser
58 verbose addRemoteTarball https://registry.npmjs.org/body-parser/-/body-parser-1.17.1.tgz not in flight; adding
59 verbose addRemoteTarball [ 'https://registry.npmjs.org/body-parser/-/body-parser-1.17.1.tgz',
59 verbose addRemoteTarball   '75b3bc98ddd6e7e0d8ffe750dfaca5c66993fa47' ]
60 info retry fetch attempt 1 at 2:35:44 PM
61 info attempt registry request try #1 at 2:35:44 PM
62 http fetch GET https://registry.npmjs.org/body-parser/-/body-parser-1.17.1.tgz
63 http fetch 200 https://registry.npmjs.org/body-parser/-/body-parser-1.17.1.tgz
64 silly fetchAndShaCheck shasum 75b3bc98ddd6e7e0d8ffe750dfaca5c66993fa47
65 verbose addTmpTarball C:\Users\ALS\AppData\Local\Temp\npm-5984-b4fc3ec6\registry.npmjs.org\body-parser\-\body-parser-1.17.1.tgz not in flight; adding
66 verbose addTmpTarball already have metadata; skipping unpack for body-parser@1.17.1
67 verbose correctMkdir C:\Users\ALS\AppData\Roaming\npm-cache correctMkdir not in flight; initializing
68 silly cache afterAdd body-parser@1.17.1
69 verbose afterAdd C:\Users\ALS\AppData\Roaming\npm-cache\body-parser\1.17.1\package\package.json not in flight; writing
70 verbose correctMkdir C:\Users\ALS\AppData\Roaming\npm-cache correctMkdir not in flight; initializing
71 verbose afterAdd C:\Users\ALS\AppData\Roaming\npm-cache\body-parser\1.17.1\package\package.json written
72 silly fetchNamedPackageData bytes
73 silly mapToRegistry name bytes
74 silly mapToRegistry using default registry
75 silly mapToRegistry registry https://registry.npmjs.org/
76 silly mapToRegistry data Result {
76 silly mapToRegistry   raw: 'bytes',
76 silly mapToRegistry   scope: null,
76 silly mapToRegistry   escapedName: 'bytes',
76 silly mapToRegistry   name: 'bytes',
76 silly mapToRegistry   rawSpec: '',
76 silly mapToRegistry   spec: 'latest',
76 silly mapToRegistry   type: 'tag' }
77 silly mapToRegistry uri https://registry.npmjs.org/bytes
78 silly fetchNamedPackageData iconv-lite
79 silly mapToRegistry name iconv-lite
80 silly mapToRegistry using default registry
81 silly mapToRegistry registry https://registry.npmjs.org/
82 silly mapToRegistry data Result {
82 silly mapToRegistry   raw: 'iconv-lite',
82 silly mapToRegistry   scope: null,
82 silly mapToRegistry   escapedName: 'iconv-lite',
82 silly mapToRegistry   name: 'iconv-lite',
82 silly mapToRegistry   rawSpec: '',
82 silly mapToRegistry   spec: 'latest',
82 silly mapToRegistry   type: 'tag' }
83 silly mapToRegistry uri https://registry.npmjs.org/iconv-lite
84 silly fetchNamedPackageData raw-body
85 silly mapToRegistry name raw-body
86 silly mapToRegistry using default registry
87 silly mapToRegistry registry https://registry.npmjs.org/
88 silly mapToRegistry data Result {
88 silly mapToRegistry   raw: 'raw-body',
88 silly mapToRegistry   scope: null,
88 silly mapToRegistry   escapedName: 'raw-body',
88 silly mapToRegistry   name: 'raw-body',
88 silly mapToRegistry   rawSpec: '',
88 silly mapToRegistry   spec: 'latest',
88 silly mapToRegistry   type: 'tag' }
89 silly mapToRegistry uri https://registry.npmjs.org/raw-body
90 verbose request uri https://registry.npmjs.org/bytes
91 verbose request no auth needed
92 info attempt registry request try #1 at 2:35:44 PM
93 http request GET https://registry.npmjs.org/bytes
94 verbose request uri https://registry.npmjs.org/iconv-lite
95 verbose request no auth needed
96 info attempt registry request try #1 at 2:35:44 PM
97 http request GET https://registry.npmjs.org/iconv-lite
98 verbose request uri https://registry.npmjs.org/raw-body
99 verbose request no auth needed
100 info attempt registry request try #1 at 2:35:44 PM
101 http request GET https://registry.npmjs.org/raw-body
102 http 200 https://registry.npmjs.org/bytes
103 verbose headers { server: 'nginx/1.10.1',
103 verbose headers   'content-type': 'application/json',
103 verbose headers   'last-modified': 'Sat, 25 Mar 2017 04:33:21 GMT',
103 verbose headers   etag: 'W/"58d5f311-52f0"',
103 verbose headers   'content-encoding': 'gzip',
103 verbose headers   'cache-control': 'max-age=300',
103 verbose headers   'content-length': '3936',
103 verbose headers   'accept-ranges': 'bytes',
103 verbose headers   date: 'Sat, 25 Mar 2017 12:35:45 GMT',
103 verbose headers   via: '1.1 varnish',
103 verbose headers   age: '242',
103 verbose headers   connection: 'keep-alive',
103 verbose headers   'x-served-by': 'cache-hhn1527-HHN',
103 verbose headers   'x-cache': 'HIT',
103 verbose headers   'x-cache-hits': '6',
103 verbose headers   'x-timer': 'S1490445345.508961,VS0,VE0',
103 verbose headers   vary: 'Accept-Encoding' }
104 silly get cb [ 200,
104 silly get   { server: 'nginx/1.10.1',
104 silly get     'content-type': 'application/json',
104 silly get     'last-modified': 'Sat, 25 Mar 2017 04:33:21 GMT',
104 silly get     etag: 'W/"58d5f311-52f0"',
104 silly get     'content-encoding': 'gzip',
104 silly get     'cache-control': 'max-age=300',
104 silly get     'content-length': '3936',
104 silly get     'accept-ranges': 'bytes',
104 silly get     date: 'Sat, 25 Mar 2017 12:35:45 GMT',
104 silly get     via: '1.1 varnish',
104 silly get     age: '242',
104 silly get     connection: 'keep-alive',
104 silly get     'x-served-by': 'cache-hhn1527-HHN',
104 silly get     'x-cache': 'HIT',
104 silly get     'x-cache-hits': '6',
104 silly get     'x-timer': 'S1490445345.508961,VS0,VE0',
104 silly get     vary: 'Accept-Encoding' } ]
105 verbose get saving bytes to C:\Users\ALS\AppData\Roaming\npm-cache\registry.npmjs.org\bytes\.cache.json
106 verbose correctMkdir C:\Users\ALS\AppData\Roaming\npm-cache correctMkdir not in flight; initializing
107 silly pickManifestFromRegistryMetadata spec 2.4.0 tag latest versions [ '0.0.1',
107 silly pickManifestFromRegistryMetadata   '0.1.0',
107 silly pickManifestFromRegistryMetadata   '0.2.0',
107 silly pickManifestFromRegistryMetadata   '0.2.1',
107 silly pickManifestFromRegistryMetadata   '0.3.0',
107 silly pickManifestFromRegistryMetadata   '1.0.0',
107 silly pickManifestFromRegistryMetadata   '2.0.0',
107 silly pickManifestFromRegistryMetadata   '2.0.1',
107 silly pickManifestFromRegistryMetadata   '2.0.2',
107 silly pickManifestFromRegistryMetadata   '2.1.0',
107 silly pickManifestFromRegistryMetadata   '2.2.0',
107 silly pickManifestFromRegistryMetadata   '2.3.0',
107 silly pickManifestFromRegistryMetadata   '2.4.0',
107 silly pickManifestFromRegistryMetadata   '2.5.0' ]
108 silly resolveWithNewModule bytes@2.4.0 checking installable status
109 silly cache add args [ 'bytes@2.4.0', null ]
110 verbose cache add spec bytes@2.4.0
111 silly cache add parsed spec Result {
111 silly cache add   raw: 'bytes@2.4.0',
111 silly cache add   scope: null,
111 silly cache add   escapedName: 'bytes',
111 silly cache add   name: 'bytes',
111 silly cache add   rawSpec: '2.4.0',
111 silly cache add   spec: '2.4.0',
111 silly cache add   type: 'version' }
112 silly addNamed bytes@2.4.0
113 verbose addNamed "2.4.0" is a plain semver version for bytes
114 silly mapToRegistry name bytes
115 silly mapToRegistry using default registry
116 silly mapToRegistry registry https://registry.npmjs.org/
117 silly mapToRegistry data Result {
117 silly mapToRegistry   raw: 'bytes',
117 silly mapToRegistry   scope: null,
117 silly mapToRegistry   escapedName: 'bytes',
117 silly mapToRegistry   name: 'bytes',
117 silly mapToRegistry   rawSpec: '',
117 silly mapToRegistry   spec: 'latest',
117 silly mapToRegistry   type: 'tag' }
118 silly mapToRegistry uri https://registry.npmjs.org/bytes
119 verbose addNameVersion registry:https://registry.npmjs.org/bytes not in flight; fetching
120 verbose get https://registry.npmjs.org/bytes not expired, no request
121 silly mapToRegistry name bytes
122 silly mapToRegistry using default registry
123 silly mapToRegistry registry https://registry.npmjs.org/
124 silly mapToRegistry data Result {
124 silly mapToRegistry   raw: 'bytes',
124 silly mapToRegistry   scope: null,
124 silly mapToRegistry   escapedName: 'bytes',
124 silly mapToRegistry   name: 'bytes',
124 silly mapToRegistry   rawSpec: '',
124 silly mapToRegistry   spec: 'latest',
124 silly mapToRegistry   type: 'tag' }
125 silly mapToRegistry uri https://registry.npmjs.org/bytes
126 verbose addRemoteTarball https://registry.npmjs.org/bytes/-/bytes-2.4.0.tgz not in flight; adding
127 verbose addRemoteTarball [ 'https://registry.npmjs.org/bytes/-/bytes-2.4.0.tgz',
127 verbose addRemoteTarball   '7d97196f9d5baf7f6935e25985549edd2a6c2339' ]
128 info retry fetch attempt 1 at 2:35:44 PM
129 info attempt registry request try #1 at 2:35:44 PM
130 http fetch GET https://registry.npmjs.org/bytes/-/bytes-2.4.0.tgz
131 http fetch 200 https://registry.npmjs.org/bytes/-/bytes-2.4.0.tgz
132 silly fetchAndShaCheck shasum 7d97196f9d5baf7f6935e25985549edd2a6c2339
133 verbose addTmpTarball C:\Users\ALS\AppData\Local\Temp\npm-5984-b4fc3ec6\registry.npmjs.org\bytes\-\bytes-2.4.0.tgz not in flight; adding
134 verbose addTmpTarball already have metadata; skipping unpack for bytes@2.4.0
135 verbose correctMkdir C:\Users\ALS\AppData\Roaming\npm-cache correctMkdir not in flight; initializing
136 silly cache afterAdd bytes@2.4.0
137 verbose afterAdd C:\Users\ALS\AppData\Roaming\npm-cache\bytes\2.4.0\package\package.json not in flight; writing
138 verbose correctMkdir C:\Users\ALS\AppData\Roaming\npm-cache correctMkdir not in flight; initializing
139 http 200 https://registry.npmjs.org/raw-body
140 verbose headers { server: 'nginx/1.10.1',
140 verbose headers   'content-type': 'application/json',
140 verbose headers   'last-modified': 'Mon, 13 Feb 2017 08:34:04 GMT',
140 verbose headers   etag: 'W/"58a16f7c-dd60"',
140 verbose headers   'content-encoding': 'gzip',
140 verbose headers   'cache-control': 'max-age=300',
140 verbose headers   'content-length': '6680',
140 verbose headers   'accept-ranges': 'bytes',
140 verbose headers   date: 'Sat, 25 Mar 2017 12:35:45 GMT',
140 verbose headers   via: '1.1 varnish',
140 verbose headers   age: '155',
140 verbose headers   connection: 'keep-alive',
140 verbose headers   'x-served-by': 'cache-hhn1524-HHN',
140 verbose headers   'x-cache': 'HIT',
140 verbose headers   'x-cache-hits': '3',
140 verbose headers   'x-timer': 'S1490445345.561416,VS0,VE0',
140 verbose headers   vary: 'Accept-Encoding' }
141 silly get cb [ 200,
141 silly get   { server: 'nginx/1.10.1',
141 silly get     'content-type': 'application/json',
141 silly get     'last-modified': 'Mon, 13 Feb 2017 08:34:04 GMT',
141 silly get     etag: 'W/"58a16f7c-dd60"',
141 silly get     'content-encoding': 'gzip',
141 silly get     'cache-control': 'max-age=300',
141 silly get     'content-length': '6680',
141 silly get     'accept-ranges': 'bytes',
141 silly get     date: 'Sat, 25 Mar 2017 12:35:45 GMT',
141 silly get     via: '1.1 varnish',
141 silly get     age: '155',
141 silly get     connection: 'keep-alive',
141 silly get     'x-served-by': 'cache-hhn1524-HHN',
141 silly get     'x-cache': 'HIT',
141 silly get     'x-cache-hits': '3',
141 silly get     'x-timer': 'S1490445345.561416,VS0,VE0',
141 silly get     vary: 'Accept-Encoding' } ]
142 verbose get saving raw-body to C:\Users\ALS\AppData\Roaming\npm-cache\registry.npmjs.org\raw-body\.cache.json
143 verbose correctMkdir C:\Users\ALS\AppData\Roaming\npm-cache correctMkdir not in flight; initializing
144 http 200 https://registry.npmjs.org/iconv-lite
145 verbose headers { server: 'nginx/1.10.1',
145 verbose headers   'content-type': 'application/json',
145 verbose headers   'last-modified': 'Thu, 16 Mar 2017 00:36:58 GMT',
145 verbose headers   etag: 'W/"58c9de2a-fd15"',
145 verbose headers   'content-encoding': 'gzip',
145 verbose headers   'cache-control': 'max-age=300',
145 verbose headers   'content-length': '7738',
145 verbose headers   'accept-ranges': 'bytes',
145 verbose headers   date: 'Sat, 25 Mar 2017 12:35:45 GMT',
145 verbose headers   via: '1.1 varnish',
145 verbose headers   age: '186',
145 verbose headers   connection: 'keep-alive',
145 verbose headers   'x-served-by': 'cache-hhn1550-HHN',
145 verbose headers   'x-cache': 'HIT',
145 verbose headers   'x-cache-hits': '2',
145 verbose headers   'x-timer': 'S1490445345.563397,VS0,VE0',
145 verbose headers   vary: 'Accept-Encoding' }
146 silly get cb [ 200,
146 silly get   { server: 'nginx/1.10.1',
146 silly get     'content-type': 'application/json',
146 silly get     'last-modified': 'Thu, 16 Mar 2017 00:36:58 GMT',
146 silly get     etag: 'W/"58c9de2a-fd15"',
146 silly get     'content-encoding': 'gzip',
146 silly get     'cache-control': 'max-age=300',
146 silly get     'content-length': '7738',
146 silly get     'accept-ranges': 'bytes',
146 silly get     date: 'Sat, 25 Mar 2017 12:35:45 GMT',
146 silly get     via: '1.1 varnish',
146 silly get     age: '186',
146 silly get     connection: 'keep-alive',
146 silly get     'x-served-by': 'cache-hhn1550-HHN',
146 silly get     'x-cache': 'HIT',
146 silly get     'x-cache-hits': '2',
146 silly get     'x-timer': 'S1490445345.563397,VS0,VE0',
146 silly get     vary: 'Accept-Encoding' } ]
147 verbose get saving iconv-lite to C:\Users\ALS\AppData\Roaming\npm-cache\registry.npmjs.org\iconv-lite\.cache.json
148 verbose correctMkdir C:\Users\ALS\AppData\Roaming\npm-cache correctMkdir not in flight; initializing
149 verbose afterAdd C:\Users\ALS\AppData\Roaming\npm-cache\bytes\2.4.0\package\package.json written
150 silly pickManifestFromRegistryMetadata spec 0.4.15 tag latest versions [ '0.1.0',
150 silly pickManifestFromRegistryMetadata   '0.1.1',
150 silly pickManifestFromRegistryMetadata   '0.1.2',
150 silly pickManifestFromRegistryMetadata   '0.1.3',
150 silly pickManifestFromRegistryMetadata   '0.1.4',
150 silly pickManifestFromRegistryMetadata   '0.2.0',
150 silly pickManifestFromRegistryMetadata   '0.2.1',
150 silly pickManifestFromRegistryMetadata   '0.2.3',
150 silly pickManifestFromRegistryMetadata   '0.2.4',
150 silly pickManifestFromRegistryMetadata   '0.2.5',
150 silly pickManifestFromRegistryMetadata   '0.2.6',
150 silly pickManifestFromRegistryMetadata   '0.2.7',
150 silly pickManifestFromRegistryMetadata   '0.2.8',
150 silly pickManifestFromRegistryMetadata   '0.2.9',
150 silly pickManifestFromRegistryMetadata   '0.2.10',
150 silly pickManifestFromRegistryMetadata   '0.2.11',
150 silly pickManifestFromRegistryMetadata   '0.4.0-pre',
150 silly pickManifestFromRegistryMetadata   '0.4.0-pre2',
150 silly pickManifestFromRegistryMetadata   '0.4.0-pre3',
150 silly pickManifestFromRegistryMetadata   '0.4.0',
150 silly pickManifestFromRegistryMetadata   '0.4.1',
150 silly pickManifestFromRegistryMetadata   '0.4.2',
150 silly pickManifestFromRegistryMetadata   '0.4.3',
150 silly pickManifestFromRegistryMetadata   '0.4.4',
150 silly pickManifestFromRegistryMetadata   '0.4.5',
150 silly pickManifestFromRegistryMetadata   '0.4.6',
150 silly pickManifestFromRegistryMetadata   '0.4.7',
150 silly pickManifestFromRegistryMetadata   '0.4.8',
150 silly pickManifestFromRegistryMetadata   '0.4.9',
150 silly pickManifestFromRegistryMetadata   '0.4.10',
150 silly pickManifestFromRegistryMetadata   '0.4.11',
150 silly pickManifestFromRegistryMetadata   '0.4.12',
150 silly pickManifestFromRegistryMetadata   '0.4.13',
150 silly pickManifestFromRegistryMetadata   '0.4.14',
150 silly pickManifestFromRegistryMetadata   '0.4.15' ]
151 silly resolveWithNewModule iconv-lite@0.4.15 checking installable status
152 silly cache add args [ 'iconv-lite@0.4.15', null ]
153 verbose cache add spec iconv-lite@0.4.15
154 silly cache add parsed spec Result {
154 silly cache add   raw: 'iconv-lite@0.4.15',
154 silly cache add   scope: null,
154 silly cache add   escapedName: 'iconv-lite',
154 silly cache add   name: 'iconv-lite',
154 silly cache add   rawSpec: '0.4.15',
154 silly cache add   spec: '0.4.15',
154 silly cache add   type: 'version' }
155 silly addNamed iconv-lite@0.4.15
156 verbose addNamed "0.4.15" is a plain semver version for iconv-lite
157 silly mapToRegistry name iconv-lite
158 silly mapToRegistry using default registry
159 silly mapToRegistry registry https://registry.npmjs.org/
160 silly mapToRegistry data Result {
160 silly mapToRegistry   raw: 'iconv-lite',
160 silly mapToRegistry   scope: null,
160 silly mapToRegistry   escapedName: 'iconv-lite',
160 silly mapToRegistry   name: 'iconv-lite',
160 silly mapToRegistry   rawSpec: '',
160 silly mapToRegistry   spec: 'latest',
160 silly mapToRegistry   type: 'tag' }
161 silly mapToRegistry uri https://registry.npmjs.org/iconv-lite
162 verbose addNameVersion registry:https://registry.npmjs.org/iconv-lite not in flight; fetching
163 verbose get https://registry.npmjs.org/iconv-lite not expired, no request
164 silly mapToRegistry name iconv-lite
165 silly mapToRegistry using default registry
166 silly mapToRegistry registry https://registry.npmjs.org/
167 silly mapToRegistry data Result {
167 silly mapToRegistry   raw: 'iconv-lite',
167 silly mapToRegistry   scope: null,
167 silly mapToRegistry   escapedName: 'iconv-lite',
167 silly mapToRegistry   name: 'iconv-lite',
167 silly mapToRegistry   rawSpec: '',
167 silly mapToRegistry   spec: 'latest',
167 silly mapToRegistry   type: 'tag' }
168 silly mapToRegistry uri https://registry.npmjs.org/iconv-lite
169 verbose addRemoteTarball https://registry.npmjs.org/iconv-lite/-/iconv-lite-0.4.15.tgz not in flight; adding
170 verbose addRemoteTarball [ 'https://registry.npmjs.org/iconv-lite/-/iconv-lite-0.4.15.tgz',
170 verbose addRemoteTarball   'fe265a218ac6a57cfe854927e9d04c19825eddeb' ]
171 info retry fetch attempt 1 at 2:35:44 PM
172 info attempt registry request try #1 at 2:35:44 PM
173 http fetch GET https://registry.npmjs.org/iconv-lite/-/iconv-lite-0.4.15.tgz
174 http fetch 200 https://registry.npmjs.org/iconv-lite/-/iconv-lite-0.4.15.tgz
175 silly pickManifestFromRegistryMetadata spec >=2.2.0 <2.3.0 tag latest versions [ '0.0.1',
175 silly pickManifestFromRegistryMetadata   '0.0.2',
175 silly pickManifestFromRegistryMetadata   '0.0.3',
175 silly pickManifestFromRegistryMetadata   '0.1.0',
175 silly pickManifestFromRegistryMetadata   '0.1.1',
175 silly pickManifestFromRegistryMetadata   '0.2.0',
175 silly pickManifestFromRegistryMetadata   '1.0.0',
175 silly pickManifestFromRegistryMetadata   '1.0.1',
175 silly pickManifestFromRegistryMetadata   '1.1.0',
175 silly pickManifestFromRegistryMetadata   '1.1.1',
175 silly pickManifestFromRegistryMetadata   '1.1.2',
175 silly pickManifestFromRegistryMetadata   '1.1.3',
175 silly pickManifestFromRegistryMetadata   '1.1.4',
175 silly pickManifestFromRegistryMetadata   '1.1.5',
175 silly pickManifestFromRegistryMetadata   '1.1.6',
175 silly pickManifestFromRegistryMetadata   '1.1.7',
175 silly pickManifestFromRegistryMetadata   '1.2.0',
175 silly pickManifestFromRegistryMetadata   '1.2.1',
175 silly pickManifestFromRegistryMetadata   '1.2.2',
175 silly pickManifestFromRegistryMetadata   '1.2.3',
175 silly pickManifestFromRegistryMetadata   '1.3.0',
175 silly pickManifestFromRegistryMetadata   '1.3.1',
175 silly pickManifestFromRegistryMetadata   '1.3.2',
175 silly pickManifestFromRegistryMetadata   '1.3.3',
175 silly pickManifestFromRegistryMetadata   '1.3.4',
175 silly pickManifestFromRegistryMetadata   '2.0.0',
175 silly pickManifestFromRegistryMetadata   '2.0.1',
175 silly pickManifestFromRegistryMetadata   '2.0.2',
175 silly pickManifestFromRegistryMetadata   '2.1.0',
175 silly pickManifestFromRegistryMetadata   '2.1.1',
175 silly pickManifestFromRegistryMetadata   '2.1.2',
175 silly pickManifestFromRegistryMetadata   '2.1.3',
175 silly pickManifestFromRegistryMetadata   '2.1.4',
175 silly pickManifestFromRegistryMetadata   '2.1.5',
175 silly pickManifestFromRegistryMetadata   '2.1.6',
175 silly pickManifestFromRegistryMetadata   '2.1.7',
175 silly pickManifestFromRegistryMetadata   '2.2.0' ]
176 silly resolveWithNewModule raw-body@2.2.0 checking installable status
177 silly cache add args [ 'raw-body@~2.2.0', null ]
178 verbose cache add spec raw-body@~2.2.0
179 silly cache add parsed spec Result {
179 silly cache add   raw: 'raw-body@~2.2.0',
179 silly cache add   scope: null,
179 silly cache add   escapedName: 'raw-body',
179 silly cache add   name: 'raw-body',
179 silly cache add   rawSpec: '~2.2.0',
179 silly cache add   spec: '>=2.2.0 <2.3.0',
179 silly cache add   type: 'range' }
180 silly addNamed raw-body@>=2.2.0 <2.3.0
181 verbose addNamed ">=2.2.0 <2.3.0" is a valid semver range for raw-body
182 silly addNameRange { name: 'raw-body', range: '>=2.2.0 <2.3.0', hasData: false }
183 silly mapToRegistry name raw-body
184 silly mapToRegistry using default registry
185 silly mapToRegistry registry https://registry.npmjs.org/
186 silly mapToRegistry data Result {
186 silly mapToRegistry   raw: 'raw-body',
186 silly mapToRegistry   scope: null,
186 silly mapToRegistry   escapedName: 'raw-body',
186 silly mapToRegistry   name: 'raw-body',
186 silly mapToRegistry   rawSpec: '',
186 silly mapToRegistry   spec: 'latest',
186 silly mapToRegistry   type: 'tag' }
187 silly mapToRegistry uri https://registry.npmjs.org/raw-body
188 verbose addNameRange registry:https://registry.npmjs.org/raw-body not in flight; fetching
189 verbose get https://registry.npmjs.org/raw-body not expired, no request
190 silly addNameRange number 2 { name: 'raw-body', range: '>=2.2.0 <2.3.0', hasData: true }
191 silly addNameRange versions [ 'raw-body',
191 silly addNameRange   [ '0.0.1',
191 silly addNameRange     '0.0.2',
191 silly addNameRange     '0.0.3',
191 silly addNameRange     '0.1.0',
191 silly addNameRange     '0.1.1',
191 silly addNameRange     '0.2.0',
191 silly addNameRange     '1.0.0',
191 silly addNameRange     '1.0.1',
191 silly addNameRange     '1.1.0',
191 silly addNameRange     '1.1.1',
191 silly addNameRange     '1.1.2',
191 silly addNameRange     '1.1.3',
191 silly addNameRange     '1.1.4',
191 silly addNameRange     '1.1.5',
191 silly addNameRange     '1.1.6',
191 silly addNameRange     '1.1.7',
191 silly addNameRange     '1.2.0',
191 silly addNameRange     '1.2.1',
191 silly addNameRange     '1.2.2',
191 silly addNameRange     '1.2.3',
191 silly addNameRange     '1.3.0',
191 silly addNameRange     '1.3.1',
191 silly addNameRange     '1.3.2',
191 silly addNameRange     '1.3.3',
191 silly addNameRange     '1.3.4',
191 silly addNameRange     '2.0.0',
191 silly addNameRange     '2.0.1',
191 silly addNameRange     '2.0.2',
191 silly addNameRange     '2.1.0',
191 silly addNameRange     '2.1.1',
191 silly addNameRange     '2.1.2',
191 silly addNameRange     '2.1.3',
191 silly addNameRange     '2.1.4',
191 silly addNameRange     '2.1.5',
191 silly addNameRange     '2.1.6',
191 silly addNameRange     '2.1.7',
191 silly addNameRange     '2.2.0' ] ]
192 silly pickManifestFromRegistryMetadata spec >=2.2.0 <2.3.0 tag latest versions [ '0.0.1',
192 silly pickManifestFromRegistryMetadata   '0.0.2',
192 silly pickManifestFromRegistryMetadata   '0.0.3',
192 silly pickManifestFromRegistryMetadata   '0.1.0',
192 silly pickManifestFromRegistryMetadata   '0.1.1',
192 silly pickManifestFromRegistryMetadata   '0.2.0',
192 silly pickManifestFromRegistryMetadata   '1.0.0',
192 silly pickManifestFromRegistryMetadata   '1.0.1',
192 silly pickManifestFromRegistryMetadata   '1.1.0',
192 silly pickManifestFromRegistryMetadata   '1.1.1',
192 silly pickManifestFromRegistryMetadata   '1.1.2',
192 silly pickManifestFromRegistryMetadata   '1.1.3',
192 silly pickManifestFromRegistryMetadata   '1.1.4',
192 silly pickManifestFromRegistryMetadata   '1.1.5',
192 silly pickManifestFromRegistryMetadata   '1.1.6',
192 silly pickManifestFromRegistryMetadata   '1.1.7',
192 silly pickManifestFromRegistryMetadata   '1.2.0',
192 silly pickManifestFromRegistryMetadata   '1.2.1',
192 silly pickManifestFromRegistryMetadata   '1.2.2',
192 silly pickManifestFromRegistryMetadata   '1.2.3',
192 silly pickManifestFromRegistryMetadata   '1.3.0',
192 silly pickManifestFromRegistryMetadata   '1.3.1',
192 silly pickManifestFromRegistryMetadata   '1.3.2',
192 silly pickManifestFromRegistryMetadata   '1.3.3',
192 silly pickManifestFromRegistryMetadata   '1.3.4',
192 silly pickManifestFromRegistryMetadata   '2.0.0',
192 silly pickManifestFromRegistryMetadata   '2.0.1',
192 silly pickManifestFromRegistryMetadata   '2.0.2',
192 silly pickManifestFromRegistryMetadata   '2.1.0',
192 silly pickManifestFromRegistryMetadata   '2.1.1',
192 silly pickManifestFromRegistryMetadata   '2.1.2',
192 silly pickManifestFromRegistryMetadata   '2.1.3',
192 silly pickManifestFromRegistryMetadata   '2.1.4',
192 silly pickManifestFromRegistryMetadata   '2.1.5',
192 silly pickManifestFromRegistryMetadata   '2.1.6',
192 silly pickManifestFromRegistryMetadata   '2.1.7',
192 silly pickManifestFromRegistryMetadata   '2.2.0' ]
193 silly addNamed raw-body@latest
194 verbose addNamed "latest" is being treated as a dist-tag for raw-body
195 info addNameTag [ 'raw-body', 'latest' ]
196 silly mapToRegistry name raw-body
197 silly mapToRegistry using default registry
198 silly mapToRegistry registry https://registry.npmjs.org/
199 silly mapToRegistry data Result {
199 silly mapToRegistry   raw: 'raw-body',
199 silly mapToRegistry   scope: null,
199 silly mapToRegistry   escapedName: 'raw-body',
199 silly mapToRegistry   name: 'raw-body',
199 silly mapToRegistry   rawSpec: '',
199 silly mapToRegistry   spec: 'latest',
199 silly mapToRegistry   type: 'tag' }
200 silly mapToRegistry uri https://registry.npmjs.org/raw-body
201 verbose addNameTag registry:https://registry.npmjs.org/raw-body already in flight; waiting
202 silly addNameTag next cb for raw-body with tag latest
203 silly addNamed raw-body@2.2.0
204 verbose addNamed "2.2.0" is a plain semver version for raw-body
205 silly mapToRegistry name raw-body
206 silly mapToRegistry using default registry
207 silly mapToRegistry registry https://registry.npmjs.org/
208 silly mapToRegistry data Result {
208 silly mapToRegistry   raw: 'raw-body',
208 silly mapToRegistry   scope: null,
208 silly mapToRegistry   escapedName: 'raw-body',
208 silly mapToRegistry   name: 'raw-body',
208 silly mapToRegistry   rawSpec: '',
208 silly mapToRegistry   spec: 'latest',
208 silly mapToRegistry   type: 'tag' }
209 silly mapToRegistry uri https://registry.npmjs.org/raw-body
210 verbose addRemoteTarball https://registry.npmjs.org/raw-body/-/raw-body-2.2.0.tgz not in flight; adding
211 verbose addRemoteTarball [ 'https://registry.npmjs.org/raw-body/-/raw-body-2.2.0.tgz',
211 verbose addRemoteTarball   '994976cf6a5096a41162840492f0bdc5d6e7fb96' ]
212 info retry fetch attempt 1 at 2:35:44 PM
213 info attempt registry request try #1 at 2:35:44 PM
214 http fetch GET https://registry.npmjs.org/raw-body/-/raw-body-2.2.0.tgz
215 http fetch 200 https://registry.npmjs.org/raw-body/-/raw-body-2.2.0.tgz
216 silly fetchAndShaCheck shasum 994976cf6a5096a41162840492f0bdc5d6e7fb96
217 verbose addTmpTarball C:\Users\ALS\AppData\Local\Temp\npm-5984-b4fc3ec6\registry.npmjs.org\raw-body\-\raw-body-2.2.0.tgz not in flight; adding
218 verbose addTmpTarball already have metadata; skipping unpack for raw-body@2.2.0
219 verbose correctMkdir C:\Users\ALS\AppData\Roaming\npm-cache correctMkdir not in flight; initializing
220 silly cache afterAdd raw-body@2.2.0
221 verbose afterAdd C:\Users\ALS\AppData\Roaming\npm-cache\raw-body\2.2.0\package\package.json not in flight; writing
222 verbose correctMkdir C:\Users\ALS\AppData\Roaming\npm-cache correctMkdir not in flight; initializing
223 verbose afterAdd C:\Users\ALS\AppData\Roaming\npm-cache\raw-body\2.2.0\package\package.json written
224 silly fetchAndShaCheck shasum fe265a218ac6a57cfe854927e9d04c19825eddeb
225 verbose addTmpTarball C:\Users\ALS\AppData\Local\Temp\npm-5984-b4fc3ec6\registry.npmjs.org\iconv-lite\-\iconv-lite-0.4.15.tgz not in flight; adding
226 verbose addTmpTarball already have metadata; skipping unpack for iconv-lite@0.4.15
227 verbose correctMkdir C:\Users\ALS\AppData\Roaming\npm-cache correctMkdir not in flight; initializing
228 silly cache afterAdd iconv-lite@0.4.15
229 verbose afterAdd C:\Users\ALS\AppData\Roaming\npm-cache\iconv-lite\0.4.15\package\package.json not in flight; writing
230 verbose correctMkdir C:\Users\ALS\AppData\Roaming\npm-cache correctMkdir not in flight; initializing
231 verbose afterAdd C:\Users\ALS\AppData\Roaming\npm-cache\iconv-lite\0.4.15\package\package.json written
232 silly loadAllDepsIntoIdealTree Finishing
233 silly loadIdealTree Finishing
234 silly currentTree image@0.0.1
234 silly currentTree +-- accepts@1.3.3
234 silly currentTree +-- acorn-jsx@3.0.1
234 silly currentTree | `-- acorn@3.3.0
234 silly currentTree +-- acorn@4.0.4
234 silly currentTree +-- ajv-keywords@1.5.1
234 silly currentTree +-- ajv@4.11.5
234 silly currentTree +-- ansi-escapes@1.4.0
234 silly currentTree +-- ansi-regex@2.1.1
234 silly currentTree +-- ansi-styles@2.2.1
234 silly currentTree +-- argparse@1.0.9
234 silly currentTree +-- array-flatten@1.1.1
234 silly currentTree +-- array-union@1.0.2
234 silly currentTree +-- array-uniq@1.0.3
234 silly currentTree +-- arrify@1.0.1
234 silly currentTree +-- babel-code-frame@6.22.0
234 silly currentTree +-- balanced-match@0.4.2
234 silly currentTree +-- brace-expansion@1.1.6
234 silly currentTree +-- bson@1.0.4
234 silly currentTree +-- buffer-shims@1.0.0
234 silly currentTree +-- builtin-modules@1.1.1
234 silly currentTree +-- caller-path@0.1.0
234 silly currentTree +-- callsites@0.2.0
234 silly currentTree +-- capture-stack-trace@1.0.0
234 silly currentTree +-- chalk@1.1.3
234 silly currentTree +-- circular-json@0.3.1
234 silly currentTree +-- cli-cursor@1.0.2
234 silly currentTree +-- cli-width@2.1.0
234 silly currentTree +-- co@4.6.0
234 silly currentTree +-- code-point-at@1.1.0
234 silly currentTree +-- concat-map@0.0.1
234 silly currentTree +-- concat-stream@1.6.0
234 silly currentTree +-- contains-path@0.1.0
234 silly currentTree +-- content-disposition@0.5.2
234 silly currentTree +-- content-type@1.0.2
234 silly currentTree +-- cookie-signature@1.0.6
234 silly currentTree +-- cookie@0.3.1
234 silly currentTree +-- core-util-is@1.0.2
234 silly currentTree +-- create-error-class@3.0.2
234 silly currentTree +-- d@1.0.0
234 silly currentTree +-- debug@2.6.1
234 silly currentTree +-- deep-is@0.1.3
234 silly currentTree +-- del@2.2.2
234 silly currentTree +-- depd@1.1.0
234 silly currentTree +-- destroy@1.0.4
234 silly currentTree +-- doctrine@1.5.0
234 silly currentTree +-- duplexer3@0.1.4
234 silly currentTree +-- ee-first@1.1.1
234 silly currentTree +-- encodeurl@1.0.1
234 silly currentTree +-- es5-ext@0.10.15
234 silly currentTree +-- es6-iterator@2.0.1
234 silly currentTree +-- es6-map@0.1.5
234 silly currentTree +-- es6-promise@3.2.1
234 silly currentTree +-- es6-set@0.1.5
234 silly currentTree +-- es6-symbol@3.1.1
234 silly currentTree +-- es6-weak-map@2.0.2
234 silly currentTree +-- escape-html@1.0.3
234 silly currentTree +-- escape-string-regexp@1.0.5
234 silly currentTree +-- escope@3.6.0
234 silly currentTree +-- eslint-config-airbnb-base@11.1.1
234 silly currentTree +-- eslint-import-resolver-node@0.2.3
234 silly currentTree +-- eslint-module-utils@2.0.0
234 silly currentTree | +-- debug@2.2.0
234 silly currentTree | `-- ms@0.7.1
234 silly currentTree +-- eslint-plugin-import@2.2.0
234 silly currentTree +-- eslint@3.16.1
234 silly currentTree +-- espree@3.4.0
234 silly currentTree +-- esprima@3.1.3
234 silly currentTree +-- esrecurse@4.1.0
234 silly currentTree | `-- estraverse@4.1.1
234 silly currentTree +-- estraverse@4.2.0
234 silly currentTree +-- esutils@2.0.2
234 silly currentTree +-- etag@1.8.0
234 silly currentTree +-- event-emitter@0.3.5
234 silly currentTree +-- exit-hook@1.1.1
234 silly currentTree +-- express@4.15.2
234 silly currentTree +-- fast-levenshtein@2.0.6
234 silly currentTree +-- figures@1.7.0
234 silly currentTree +-- file-entry-cache@2.0.0
234 silly currentTree +-- finalhandler@1.0.1
234 silly currentTree | `-- debug@2.6.3
234 silly currentTree +-- find-up@1.1.2
234 silly currentTree +-- flat-cache@1.2.2
234 silly currentTree +-- forwarded@0.1.0
234 silly currentTree +-- fresh@0.5.0
234 silly currentTree +-- fs.realpath@1.0.0
234 silly currentTree +-- function-bind@1.1.0
234 silly currentTree +-- generate-function@2.0.0
234 silly currentTree +-- generate-object-property@1.2.0
234 silly currentTree +-- get-stream@3.0.0
234 silly currentTree +-- glob@7.1.1
234 silly currentTree +-- globals@9.16.0
234 silly currentTree +-- globby@5.0.0
234 silly currentTree +-- google-images@2.1.0
234 silly currentTree +-- got@6.7.1
234 silly currentTree +-- graceful-fs@4.1.11
234 silly currentTree +-- has-ansi@2.0.0
234 silly currentTree +-- has@1.0.1
234 silly currentTree +-- http-errors@1.6.1
234 silly currentTree +-- ignore@3.2.6
234 silly currentTree +-- imurmurhash@0.1.4
234 silly currentTree +-- inflight@1.0.6
234 silly currentTree +-- inherits@2.0.3
234 silly currentTree +-- inquirer@0.12.0
234 silly currentTree +-- interpret@1.0.1
234 silly currentTree +-- ipaddr.js@1.2.0
234 silly currentTree +-- is-fullwidth-code-point@1.0.0
234 silly currentTree +-- is-my-json-valid@2.16.0
234 silly currentTree +-- is-path-cwd@1.0.0
234 silly currentTree +-- is-path-in-cwd@1.0.0
234 silly currentTree +-- is-path-inside@1.0.0
234 silly currentTree +-- is-property@1.0.2
234 silly currentTree +-- is-redirect@1.0.0
234 silly currentTree +-- is-resolvable@1.0.0
234 silly currentTree +-- is-retry-allowed@1.1.0
234 silly currentTree +-- is-stream@1.1.0
234 silly currentTree +-- isarray@1.0.0
234 silly currentTree +-- js-tokens@3.0.1
234 silly currentTree +-- js-yaml@3.8.2
234 silly currentTree +-- json-stable-stringify@1.0.1
234 silly currentTree +-- jsonify@0.0.0
234 silly currentTree +-- jsonpointer@4.0.1
234 silly currentTree +-- levn@0.3.0
234 silly currentTree +-- lodash.cond@4.5.2
234 silly currentTree +-- lodash@4.17.4
234 silly currentTree +-- lowercase-keys@1.0.0
234 silly currentTree +-- media-typer@0.3.0
234 silly currentTree +-- merge-descriptors@1.0.1
234 silly currentTree +-- methods@1.1.2
234 silly currentTree +-- mime-db@1.27.0
234 silly currentTree +-- mime-types@2.1.15
234 silly currentTree +-- mime@1.3.4
234 silly currentTree +-- minimatch@3.0.3
234 silly currentTree +-- minimist@0.0.8
234 silly currentTree +-- mkdirp@0.5.1
234 silly currentTree +-- mongodb-core@2.1.9
234 silly currentTree +-- mongodb@2.2.25
234 silly currentTree | `-- readable-stream@2.1.5
234 silly currentTree +-- ms@0.7.2
234 silly currentTree +-- mute-stream@0.0.5
234 silly currentTree +-- natural-compare@1.4.0
234 silly currentTree +-- negotiator@0.6.1
234 silly currentTree +-- number-is-nan@1.0.1
234 silly currentTree +-- object-assign@4.1.1
234 silly currentTree +-- on-finished@2.3.0
234 silly currentTree +-- once@1.4.0
234 silly currentTree +-- onetime@1.1.0
234 silly currentTree +-- optionator@0.8.2
234 silly currentTree +-- os-homedir@1.0.2
234 silly currentTree +-- parseurl@1.3.1
234 silly currentTree +-- path-exists@2.1.0
234 silly currentTree +-- path-is-absolute@1.0.1
234 silly currentTree +-- path-is-inside@1.0.2
234 silly currentTree +-- path-parse@1.0.5
234 silly currentTree +-- path-to-regexp@0.1.7
234 silly currentTree +-- pify@2.3.0
234 silly currentTree +-- pinkie-promise@2.0.1
234 silly currentTree +-- pinkie@2.0.4
234 silly currentTree +-- pkg-dir@1.0.0
234 silly currentTree +-- pkg-up@1.0.0
234 silly currentTree +-- pluralize@1.2.1
234 silly currentTree +-- prelude-ls@1.1.2
234 silly currentTree +-- prepend-http@1.0.4
234 silly currentTree +-- process-nextick-args@1.0.7
234 silly currentTree +-- progress@1.1.8
234 silly currentTree +-- proxy-addr@1.1.3
234 silly currentTree +-- qs@6.4.0
234 silly currentTree +-- range-parser@1.2.0
234 silly currentTree +-- readable-stream@2.2.6
234 silly currentTree +-- readline2@1.0.1
234 silly currentTree +-- rechoir@0.6.2
234 silly currentTree +-- require_optional@1.0.0
234 silly currentTree | `-- resolve-from@2.0.0
234 silly currentTree +-- require-uncached@1.0.3
234 silly currentTree +-- resolve-from@1.0.1
234 silly currentTree +-- resolve@1.3.2
234 silly currentTree +-- restore-cursor@1.0.1
234 silly currentTree +-- rimraf@2.6.1
234 silly currentTree +-- run-async@0.1.0
234 silly currentTree +-- rx-lite@3.1.2
234 silly currentTree +-- safe-buffer@5.0.1
234 silly currentTree +-- semver@5.3.0
234 silly currentTree +-- send@0.15.1
234 silly currentTree +-- serve-static@1.12.1
234 silly currentTree +-- setprototypeof@1.0.3
234 silly currentTree +-- shelljs@0.7.7
234 silly currentTree +-- slice-ansi@0.0.4
234 silly currentTree +-- sprintf-js@1.0.3
234 silly currentTree +-- statuses@1.3.1
234 silly currentTree +-- string_decoder@0.10.31
234 silly currentTree +-- string-width@1.0.2
234 silly currentTree +-- strip-ansi@3.0.1
234 silly currentTree +-- strip-bom@3.0.0
234 silly currentTree +-- strip-json-comments@2.0.1
234 silly currentTree +-- supports-color@2.0.0
234 silly currentTree +-- table@3.8.3
234 silly currentTree | +-- is-fullwidth-code-point@2.0.0
234 silly currentTree | `-- string-width@2.0.0
234 silly currentTree +-- text-table@0.2.0
234 silly currentTree +-- through@2.3.8
234 silly currentTree +-- timed-out@4.0.1
234 silly currentTree +-- tryit@1.0.3
234 silly currentTree +-- type-check@0.3.2
234 silly currentTree +-- type-is@1.6.14
234 silly currentTree +-- typedarray@0.0.6
234 silly currentTree +-- unpipe@1.0.0
234 silly currentTree +-- unzip-response@2.0.1
234 silly currentTree +-- url-parse-lax@1.0.0
234 silly currentTree +-- user-home@2.0.0
234 silly currentTree +-- util-deprecate@1.0.2
234 silly currentTree +-- utils-merge@1.0.0
234 silly currentTree +-- vary@1.1.1
234 silly currentTree +-- wordwrap@1.0.0
234 silly currentTree +-- wrappy@1.0.2
234 silly currentTree +-- write@0.2.1
234 silly currentTree `-- xtend@4.0.1
235 silly idealTree image@0.0.1
235 silly idealTree +-- accepts@1.3.3
235 silly idealTree +-- acorn-jsx@3.0.1
235 silly idealTree | `-- acorn@3.3.0
235 silly idealTree +-- acorn@4.0.4
235 silly idealTree +-- ajv-keywords@1.5.1
235 silly idealTree +-- ajv@4.11.5
235 silly idealTree +-- ansi-escapes@1.4.0
235 silly idealTree +-- ansi-regex@2.1.1
235 silly idealTree +-- ansi-styles@2.2.1
235 silly idealTree +-- argparse@1.0.9
235 silly idealTree +-- array-flatten@1.1.1
235 silly idealTree +-- array-union@1.0.2
235 silly idealTree +-- array-uniq@1.0.3
235 silly idealTree +-- arrify@1.0.1
235 silly idealTree +-- babel-code-frame@6.22.0
235 silly idealTree +-- balanced-match@0.4.2
235 silly idealTree +-- body-parser@1.17.1
235 silly idealTree +-- brace-expansion@1.1.6
235 silly idealTree +-- bson@1.0.4
235 silly idealTree +-- buffer-shims@1.0.0
235 silly idealTree +-- builtin-modules@1.1.1
235 silly idealTree +-- bytes@2.4.0
235 silly idealTree +-- caller-path@0.1.0
235 silly idealTree +-- callsites@0.2.0
235 silly idealTree +-- capture-stack-trace@1.0.0
235 silly idealTree +-- chalk@1.1.3
235 silly idealTree +-- circular-json@0.3.1
235 silly idealTree +-- cli-cursor@1.0.2
235 silly idealTree +-- cli-width@2.1.0
235 silly idealTree +-- co@4.6.0
235 silly idealTree +-- code-point-at@1.1.0
235 silly idealTree +-- concat-map@0.0.1
235 silly idealTree +-- concat-stream@1.6.0
235 silly idealTree +-- contains-path@0.1.0
235 silly idealTree +-- content-disposition@0.5.2
235 silly idealTree +-- content-type@1.0.2
235 silly idealTree +-- cookie-signature@1.0.6
235 silly idealTree +-- cookie@0.3.1
235 silly idealTree +-- core-util-is@1.0.2
235 silly idealTree +-- create-error-class@3.0.2
235 silly idealTree +-- d@1.0.0
235 silly idealTree +-- debug@2.6.1
235 silly idealTree +-- deep-is@0.1.3
235 silly idealTree +-- del@2.2.2
235 silly idealTree +-- depd@1.1.0
235 silly idealTree +-- destroy@1.0.4
235 silly idealTree +-- doctrine@1.5.0
235 silly idealTree +-- duplexer3@0.1.4
235 silly idealTree +-- ee-first@1.1.1
235 silly idealTree +-- encodeurl@1.0.1
235 silly idealTree +-- es5-ext@0.10.15
235 silly idealTree +-- es6-iterator@2.0.1
235 silly idealTree +-- es6-map@0.1.5
235 silly idealTree +-- es6-promise@3.2.1
235 silly idealTree +-- es6-set@0.1.5
235 silly idealTree +-- es6-symbol@3.1.1
235 silly idealTree +-- es6-weak-map@2.0.2
235 silly idealTree +-- escape-html@1.0.3
235 silly idealTree +-- escape-string-regexp@1.0.5
235 silly idealTree +-- escope@3.6.0
235 silly idealTree +-- eslint-config-airbnb-base@11.1.1
235 silly idealTree +-- eslint-import-resolver-node@0.2.3
235 silly idealTree +-- eslint-module-utils@2.0.0
235 silly idealTree | +-- debug@2.2.0
235 silly idealTree | `-- ms@0.7.1
235 silly idealTree +-- eslint-plugin-import@2.2.0
235 silly idealTree +-- eslint@3.16.1
235 silly idealTree +-- espree@3.4.0
235 silly idealTree +-- esprima@3.1.3
235 silly idealTree +-- esrecurse@4.1.0
235 silly idealTree | `-- estraverse@4.1.1
235 silly idealTree +-- estraverse@4.2.0
235 silly idealTree +-- esutils@2.0.2
235 silly idealTree +-- etag@1.8.0
235 silly idealTree +-- event-emitter@0.3.5
235 silly idealTree +-- exit-hook@1.1.1
235 silly idealTree +-- express@4.15.2
235 silly idealTree +-- fast-levenshtein@2.0.6
235 silly idealTree +-- figures@1.7.0
235 silly idealTree +-- file-entry-cache@2.0.0
235 silly idealTree +-- finalhandler@1.0.1
235 silly idealTree | `-- debug@2.6.3
235 silly idealTree +-- find-up@1.1.2
235 silly idealTree +-- flat-cache@1.2.2
235 silly idealTree +-- forwarded@0.1.0
235 silly idealTree +-- fresh@0.5.0
235 silly idealTree +-- fs.realpath@1.0.0
235 silly idealTree +-- function-bind@1.1.0
235 silly idealTree +-- generate-function@2.0.0
235 silly idealTree +-- generate-object-property@1.2.0
235 silly idealTree +-- get-stream@3.0.0
235 silly idealTree +-- glob@7.1.1
235 silly idealTree +-- globals@9.16.0
235 silly idealTree +-- globby@5.0.0
235 silly idealTree +-- google-images@2.1.0
235 silly idealTree +-- got@6.7.1
235 silly idealTree +-- graceful-fs@4.1.11
235 silly idealTree +-- has-ansi@2.0.0
235 silly idealTree +-- has@1.0.1
235 silly idealTree +-- http-errors@1.6.1
235 silly idealTree +-- iconv-lite@0.4.15
235 silly idealTree +-- ignore@3.2.6
235 silly idealTree +-- imurmurhash@0.1.4
235 silly idealTree +-- inflight@1.0.6
235 silly idealTree +-- inherits@2.0.3
235 silly idealTree +-- inquirer@0.12.0
235 silly idealTree +-- interpret@1.0.1
235 silly idealTree +-- ipaddr.js@1.2.0
235 silly idealTree +-- is-fullwidth-code-point@1.0.0
235 silly idealTree +-- is-my-json-valid@2.16.0
235 silly idealTree +-- is-path-cwd@1.0.0
235 silly idealTree +-- is-path-in-cwd@1.0.0
235 silly idealTree +-- is-path-inside@1.0.0
235 silly idealTree +-- is-property@1.0.2
235 silly idealTree +-- is-redirect@1.0.0
235 silly idealTree +-- is-resolvable@1.0.0
235 silly idealTree +-- is-retry-allowed@1.1.0
235 silly idealTree +-- is-stream@1.1.0
235 silly idealTree +-- isarray@1.0.0
235 silly idealTree +-- js-tokens@3.0.1
235 silly idealTree +-- js-yaml@3.8.2
235 silly idealTree +-- json-stable-stringify@1.0.1
235 silly idealTree +-- jsonify@0.0.0
235 silly idealTree +-- jsonpointer@4.0.1
235 silly idealTree +-- levn@0.3.0
235 silly idealTree +-- lodash.cond@4.5.2
235 silly idealTree +-- lodash@4.17.4
235 silly idealTree +-- lowercase-keys@1.0.0
235 silly idealTree +-- media-typer@0.3.0
235 silly idealTree +-- merge-descriptors@1.0.1
235 silly idealTree +-- methods@1.1.2
235 silly idealTree +-- mime-db@1.27.0
235 silly idealTree +-- mime-types@2.1.15
235 silly idealTree +-- mime@1.3.4
235 silly idealTree +-- minimatch@3.0.3
235 silly idealTree +-- minimist@0.0.8
235 silly idealTree +-- mkdirp@0.5.1
235 silly idealTree +-- mongodb-core@2.1.9
235 silly idealTree +-- mongodb@2.2.25
235 silly idealTree | `-- readable-stream@2.1.5
235 silly idealTree +-- ms@0.7.2
235 silly idealTree +-- mute-stream@0.0.5
235 silly idealTree +-- natural-compare@1.4.0
235 silly idealTree +-- negotiator@0.6.1
235 silly idealTree +-- number-is-nan@1.0.1
235 silly idealTree +-- object-assign@4.1.1
235 silly idealTree +-- on-finished@2.3.0
235 silly idealTree +-- once@1.4.0
235 silly idealTree +-- onetime@1.1.0
235 silly idealTree +-- optionator@0.8.2
235 silly idealTree +-- os-homedir@1.0.2
235 silly idealTree +-- parseurl@1.3.1
235 silly idealTree +-- path-exists@2.1.0
235 silly idealTree +-- path-is-absolute@1.0.1
235 silly idealTree +-- path-is-inside@1.0.2
235 silly idealTree +-- path-parse@1.0.5
235 silly idealTree +-- path-to-regexp@0.1.7
235 silly idealTree +-- pify@2.3.0
235 silly idealTree +-- pinkie-promise@2.0.1
235 silly idealTree +-- pinkie@2.0.4
235 silly idealTree +-- pkg-dir@1.0.0
235 silly idealTree +-- pkg-up@1.0.0
235 silly idealTree +-- pluralize@1.2.1
235 silly idealTree +-- prelude-ls@1.1.2
235 silly idealTree +-- prepend-http@1.0.4
235 silly idealTree +-- process-nextick-args@1.0.7
235 silly idealTree +-- progress@1.1.8
235 silly idealTree +-- proxy-addr@1.1.3
235 silly idealTree +-- qs@6.4.0
235 silly idealTree +-- range-parser@1.2.0
235 silly idealTree +-- raw-body@2.2.0
235 silly idealTree +-- readable-stream@2.2.6
235 silly idealTree +-- readline2@1.0.1
235 silly idealTree +-- rechoir@0.6.2
235 silly idealTree +-- require_optional@1.0.0
235 silly idealTree | `-- resolve-from@2.0.0
235 silly idealTree +-- require-uncached@1.0.3
235 silly idealTree +-- resolve-from@1.0.1
235 silly idealTree +-- resolve@1.3.2
235 silly idealTree +-- restore-cursor@1.0.1
235 silly idealTree +-- rimraf@2.6.1
235 silly idealTree +-- run-async@0.1.0
235 silly idealTree +-- rx-lite@3.1.2
235 silly idealTree +-- safe-buffer@5.0.1
235 silly idealTree +-- semver@5.3.0
235 silly idealTree +-- send@0.15.1
235 silly idealTree +-- serve-static@1.12.1
235 silly idealTree +-- setprototypeof@1.0.3
235 silly idealTree +-- shelljs@0.7.7
235 silly idealTree +-- slice-ansi@0.0.4
235 silly idealTree +-- sprintf-js@1.0.3
235 silly idealTree +-- statuses@1.3.1
235 silly idealTree +-- string_decoder@0.10.31
235 silly idealTree +-- string-width@1.0.2
235 silly idealTree +-- strip-ansi@3.0.1
235 silly idealTree +-- strip-bom@3.0.0
235 silly idealTree +-- strip-json-comments@2.0.1
235 silly idealTree +-- supports-color@2.0.0
235 silly idealTree +-- table@3.8.3
235 silly idealTree | +-- is-fullwidth-code-point@2.0.0
235 silly idealTree | `-- string-width@2.0.0
235 silly idealTree +-- text-table@0.2.0
235 silly idealTree +-- through@2.3.8
235 silly idealTree +-- timed-out@4.0.1
235 silly idealTree +-- tryit@1.0.3
235 silly idealTree +-- type-check@0.3.2
235 silly idealTree +-- type-is@1.6.14
235 silly idealTree +-- typedarray@0.0.6
235 silly idealTree +-- unpipe@1.0.0
235 silly idealTree +-- unzip-response@2.0.1
235 silly idealTree +-- url-parse-lax@1.0.0
235 silly idealTree +-- user-home@2.0.0
235 silly idealTree +-- util-deprecate@1.0.2
235 silly idealTree +-- utils-merge@1.0.0
235 silly idealTree +-- vary@1.1.1
235 silly idealTree +-- wordwrap@1.0.0
235 silly idealTree +-- wrappy@1.0.2
235 silly idealTree +-- write@0.2.1
235 silly idealTree `-- xtend@4.0.1
236 silly generateActionsToTake Starting
237 silly install generateActionsToTake
238 silly generateActionsToTake Finishing
239 silly diffTrees action count 4
240 silly diffTrees add bytes@2.4.0
241 silly diffTrees add iconv-lite@0.4.15
242 silly diffTrees add raw-body@2.2.0
243 silly diffTrees add body-parser@1.17.1
244 silly decomposeActions action count 32
245 silly decomposeActions fetch bytes@2.4.0
246 silly decomposeActions extract bytes@2.4.0
247 silly decomposeActions test bytes@2.4.0
248 silly decomposeActions preinstall bytes@2.4.0
249 silly decomposeActions build bytes@2.4.0
250 silly decomposeActions install bytes@2.4.0
251 silly decomposeActions postinstall bytes@2.4.0
252 silly decomposeActions finalize bytes@2.4.0
253 silly decomposeActions fetch iconv-lite@0.4.15
254 silly decomposeActions extract iconv-lite@0.4.15
255 silly decomposeActions test iconv-lite@0.4.15
256 silly decomposeActions preinstall iconv-lite@0.4.15
257 silly decomposeActions build iconv-lite@0.4.15
258 silly decomposeActions install iconv-lite@0.4.15
259 silly decomposeActions postinstall iconv-lite@0.4.15
260 silly decomposeActions finalize iconv-lite@0.4.15
261 silly decomposeActions fetch raw-body@2.2.0
262 silly decomposeActions extract raw-body@2.2.0
263 silly decomposeActions test raw-body@2.2.0
264 silly decomposeActions preinstall raw-body@2.2.0
265 silly decomposeActions build raw-body@2.2.0
266 silly decomposeActions install raw-body@2.2.0
267 silly decomposeActions postinstall raw-body@2.2.0
268 silly decomposeActions finalize raw-body@2.2.0
269 silly decomposeActions fetch body-parser@1.17.1
270 silly decomposeActions extract body-parser@1.17.1
271 silly decomposeActions test body-parser@1.17.1
272 silly decomposeActions preinstall body-parser@1.17.1
273 silly decomposeActions build body-parser@1.17.1
274 silly decomposeActions install body-parser@1.17.1
275 silly decomposeActions postinstall body-parser@1.17.1
276 silly decomposeActions finalize body-parser@1.17.1
277 silly runTopLevelLifecycles Starting
278 silly executeActions Starting
279 silly install executeActions
280 silly doSerial global-install 0
281 silly doParallel fetch 4
282 verbose correctMkdir C:\Users\ALS\AppData\Roaming\npm-cache\_locks correctMkdir not in flight; initializing
283 verbose lock using C:\Users\ALS\AppData\Roaming\npm-cache\_locks\staging-c3aab99444463781.lock for C:\Users\ALS\Desktop\Backend\image\node_modules\.staging
284 silly doParallel extract 4
285 silly extract bytes@2.4.0
286 silly extract iconv-lite@0.4.15
287 silly extract raw-body@2.2.0
288 silly extract body-parser@1.17.1
289 verbose unbuild node_modules\.staging\raw-body-660c3c80
290 verbose unbuild node_modules\.staging\bytes-308711f4
291 verbose unbuild node_modules\.staging\iconv-lite-fecebbb1
292 verbose unbuild node_modules\.staging\body-parser-edc89a5e
293 silly gentlyRm C:\Users\ALS\Desktop\Backend\image\node_modules\.staging\raw-body-660c3c80 is being purged from base C:\Users\ALS\Desktop\Backend\image
294 verbose gentlyRm don't care about contents; nuking C:\Users\ALS\Desktop\Backend\image\node_modules\.staging\raw-body-660c3c80
295 silly gentlyRm C:\Users\ALS\Desktop\Backend\image\node_modules\.staging\bytes-308711f4 is being purged from base C:\Users\ALS\Desktop\Backend\image
296 verbose gentlyRm don't care about contents; nuking C:\Users\ALS\Desktop\Backend\image\node_modules\.staging\bytes-308711f4
297 silly gentlyRm C:\Users\ALS\Desktop\Backend\image\node_modules\.staging\iconv-lite-fecebbb1 is being purged from base C:\Users\ALS\Desktop\Backend\image
298 verbose gentlyRm don't care about contents; nuking C:\Users\ALS\Desktop\Backend\image\node_modules\.staging\iconv-lite-fecebbb1
299 verbose tar unpack C:\Users\ALS\AppData\Roaming\npm-cache\raw-body\2.2.0\package.tgz
300 verbose tar unpacking to C:\Users\ALS\Desktop\Backend\image\node_modules\.staging\raw-body-660c3c80
301 silly gentlyRm C:\Users\ALS\Desktop\Backend\image\node_modules\.staging\raw-body-660c3c80 is being purged
302 verbose gentlyRm don't care about contents; nuking C:\Users\ALS\Desktop\Backend\image\node_modules\.staging\raw-body-660c3c80
303 verbose tar unpack C:\Users\ALS\AppData\Roaming\npm-cache\bytes\2.4.0\package.tgz
304 verbose tar unpacking to C:\Users\ALS\Desktop\Backend\image\node_modules\.staging\bytes-308711f4
305 silly gentlyRm C:\Users\ALS\Desktop\Backend\image\node_modules\.staging\bytes-308711f4 is being purged
306 verbose gentlyRm don't care about contents; nuking C:\Users\ALS\Desktop\Backend\image\node_modules\.staging\bytes-308711f4
307 verbose tar unpack C:\Users\ALS\AppData\Roaming\npm-cache\iconv-lite\0.4.15\package.tgz
308 verbose tar unpacking to C:\Users\ALS\Desktop\Backend\image\node_modules\.staging\iconv-lite-fecebbb1
309 silly gentlyRm C:\Users\ALS\Desktop\Backend\image\node_modules\.staging\iconv-lite-fecebbb1 is being purged
310 verbose gentlyRm don't care about contents; nuking C:\Users\ALS\Desktop\Backend\image\node_modules\.staging\iconv-lite-fecebbb1
311 silly gentlyRm C:\Users\ALS\Desktop\Backend\image\node_modules\.staging\body-parser-edc89a5e is being purged from base C:\Users\ALS\Desktop\Backend\image
312 verbose gentlyRm don't care about contents; nuking C:\Users\ALS\Desktop\Backend\image\node_modules\.staging\body-parser-edc89a5e
313 silly gunzTarPerm modes [ '777', '666' ]
314 silly gunzTarPerm modes [ '777', '666' ]
315 silly gunzTarPerm modes [ '777', '666' ]
316 verbose tar unpack C:\Users\ALS\AppData\Roaming\npm-cache\body-parser\1.17.1\package.tgz
317 verbose tar unpacking to C:\Users\ALS\Desktop\Backend\image\node_modules\.staging\body-parser-edc89a5e
318 silly gentlyRm C:\Users\ALS\Desktop\Backend\image\node_modules\.staging\body-parser-edc89a5e is being purged
319 verbose gentlyRm don't care about contents; nuking C:\Users\ALS\Desktop\Backend\image\node_modules\.staging\body-parser-edc89a5e
320 silly gunzTarPerm modes [ '777', '666' ]
321 silly gunzTarPerm extractEntry package.json
322 silly gunzTarPerm extractEntry package.json
323 silly gunzTarPerm extractEntry package.json
324 silly gunzTarPerm modified mode [ 'package.json', 420, 438 ]
325 silly gunzTarPerm extractEntry package.json
326 silly gunzTarPerm extractEntry README.md
327 silly gunzTarPerm extractEntry LICENSE
328 silly gunzTarPerm extractEntry LICENSE
329 silly gunzTarPerm extractEntry index.js
330 silly gunzTarPerm extractEntry .npmignore
331 silly gunzTarPerm modified mode [ '.npmignore', 420, 438 ]
332 silly gunzTarPerm extractEntry README.md
333 silly gunzTarPerm modified mode [ 'README.md', 420, 438 ]
334 silly gunzTarPerm extractEntry README.md
335 silly gunzTarPerm extractEntry LICENSE
336 silly gunzTarPerm extractEntry index.js
337 silly gunzTarPerm extractEntry HISTORY.md
338 silly gunzTarPerm extractEntry lib/read.js
339 silly gunzTarPerm extractEntry lib/types/json.js
340 silly gunzTarPerm extractEntry lib/types/raw.js
341 silly gunzTarPerm extractEntry lib/types/text.js
342 silly gunzTarPerm extractEntry lib/types/urlencoded.js
343 silly gunzTarPerm extractEntry History.md
344 silly gunzTarPerm extractEntry Readme.md
345 silly gunzTarPerm extractEntry index.js
346 silly gunzTarPerm extractEntry HISTORY.md
347 silly gunzTarPerm extractEntry LICENSE
348 silly gunzTarPerm modified mode [ 'LICENSE', 420, 438 ]
349 silly gunzTarPerm extractEntry encodings/dbcs-codec.js
350 silly gunzTarPerm modified mode [ 'encodings/dbcs-codec.js', 420, 438 ]
351 silly gunzTarPerm extractEntry encodings/dbcs-data.js
352 silly gunzTarPerm modified mode [ 'encodings/dbcs-data.js', 420, 438 ]
353 silly gunzTarPerm extractEntry encodings/index.js
354 silly gunzTarPerm modified mode [ 'encodings/index.js', 420, 438 ]
355 silly gunzTarPerm extractEntry encodings/internal.js
356 silly gunzTarPerm modified mode [ 'encodings/internal.js', 420, 438 ]
357 silly gunzTarPerm extractEntry encodings/sbcs-codec.js
358 silly gunzTarPerm modified mode [ 'encodings/sbcs-codec.js', 420, 438 ]
359 silly gunzTarPerm extractEntry encodings/sbcs-data-generated.js
360 silly gunzTarPerm modified mode [ 'encodings/sbcs-data-generated.js', 420, 438 ]
361 silly gunzTarPerm extractEntry encodings/sbcs-data.js
362 silly gunzTarPerm modified mode [ 'encodings/sbcs-data.js', 420, 438 ]
363 silly gunzTarPerm extractEntry encodings/utf16.js
364 silly gunzTarPerm modified mode [ 'encodings/utf16.js', 420, 438 ]
365 silly gentlyRm C:\Users\ALS\Desktop\Backend\image\node_modules\.staging\bytes-308711f4\node_modules is being purged
366 verbose gentlyRm don't care about contents; nuking C:\Users\ALS\Desktop\Backend\image\node_modules\.staging\bytes-308711f4\node_modules
367 silly gunzTarPerm extractEntry encodings/utf7.js
368 silly gunzTarPerm modified mode [ 'encodings/utf7.js', 420, 438 ]
369 silly gunzTarPerm extractEntry encodings/tables/big5-added.json
370 silly gunzTarPerm modified mode [ 'encodings/tables/big5-added.json', 420, 438 ]
371 silly gunzTarPerm extractEntry encodings/tables/cp936.json
372 silly gunzTarPerm modified mode [ 'encodings/tables/cp936.json', 420, 438 ]
373 silly gunzTarPerm extractEntry encodings/tables/cp949.json
374 silly gunzTarPerm modified mode [ 'encodings/tables/cp949.json', 420, 438 ]
375 silly gunzTarPerm extractEntry encodings/tables/cp950.json
376 silly gunzTarPerm modified mode [ 'encodings/tables/cp950.json', 420, 438 ]
377 silly gunzTarPerm extractEntry encodings/tables/eucjp.json
378 silly gunzTarPerm modified mode [ 'encodings/tables/eucjp.json', 420, 438 ]
379 silly gentlyRm C:\Users\ALS\Desktop\Backend\image\node_modules\.staging\raw-body-660c3c80\node_modules is being purged
380 verbose gentlyRm don't care about contents; nuking C:\Users\ALS\Desktop\Backend\image\node_modules\.staging\raw-body-660c3c80\node_modules
381 silly gunzTarPerm extractEntry encodings/tables/gb18030-ranges.json
382 silly gunzTarPerm modified mode [ 'encodings/tables/gb18030-ranges.json', 420, 438 ]
383 silly gunzTarPerm extractEntry encodings/tables/gbk-added.json
384 silly gunzTarPerm modified mode [ 'encodings/tables/gbk-added.json', 420, 438 ]
385 silly gunzTarPerm extractEntry encodings/tables/shiftjis.json
386 silly gunzTarPerm modified mode [ 'encodings/tables/shiftjis.json', 420, 438 ]
387 silly gunzTarPerm extractEntry .travis.yml
388 silly gunzTarPerm modified mode [ '.travis.yml', 420, 438 ]
389 silly gunzTarPerm extractEntry Changelog.md
390 silly gunzTarPerm modified mode [ 'Changelog.md', 420, 438 ]
391 silly gentlyRm C:\Users\ALS\Desktop\Backend\image\node_modules\.staging\body-parser-edc89a5e\node_modules is being purged
392 verbose gentlyRm don't care about contents; nuking C:\Users\ALS\Desktop\Backend\image\node_modules\.staging\body-parser-edc89a5e\node_modules
393 silly gunzTarPerm extractEntry lib/bom-handling.js
394 silly gunzTarPerm modified mode [ 'lib/bom-handling.js', 420, 438 ]
395 silly gunzTarPerm extractEntry lib/extend-node.js
396 silly gunzTarPerm modified mode [ 'lib/extend-node.js', 420, 438 ]
397 silly gunzTarPerm extractEntry lib/index.js
398 silly gunzTarPerm modified mode [ 'lib/index.js', 420, 438 ]
399 silly gunzTarPerm extractEntry lib/streams.js
400 silly gunzTarPerm modified mode [ 'lib/streams.js', 420, 438 ]
401 silly gunzTarPerm extractEntry lib/index.d.ts
402 silly gunzTarPerm modified mode [ 'lib/index.d.ts', 420, 438 ]
403 silly gentlyRm C:\Users\ALS\Desktop\Backend\image\node_modules\.staging\iconv-lite-fecebbb1\node_modules is being purged
404 verbose gentlyRm don't care about contents; nuking C:\Users\ALS\Desktop\Backend\image\node_modules\.staging\iconv-lite-fecebbb1\node_modules
405 silly doParallel preinstall 4
406 silly preinstall bytes@2.4.0
407 info lifecycle bytes@2.4.0~preinstall: bytes@2.4.0
408 silly preinstall iconv-lite@0.4.15
409 info lifecycle iconv-lite@0.4.15~preinstall: iconv-lite@0.4.15
410 silly preinstall raw-body@2.2.0
411 info lifecycle raw-body@2.2.0~preinstall: raw-body@2.2.0
412 silly preinstall body-parser@1.17.1
413 info lifecycle body-parser@1.17.1~preinstall: body-parser@1.17.1
414 silly lifecycle bytes@2.4.0~preinstall: no script for preinstall, continuing
415 silly lifecycle iconv-lite@0.4.15~preinstall: no script for preinstall, continuing
416 silly lifecycle raw-body@2.2.0~preinstall: no script for preinstall, continuing
417 silly lifecycle body-parser@1.17.1~preinstall: no script for preinstall, continuing
418 silly doReverseSerial remove 0
419 silly doSerial move 0
420 silly doSerial finalize 4
421 silly finalize C:\Users\ALS\Desktop\Backend\image\node_modules\bytes
422 silly finalize C:\Users\ALS\Desktop\Backend\image\node_modules\iconv-lite
423 verbose unlock done using C:\Users\ALS\AppData\Roaming\npm-cache\_locks\staging-c3aab99444463781.lock for C:\Users\ALS\Desktop\Backend\image\node_modules\.staging
424 silly rollbackFailedOptional Starting
425 silly gentlyRm C:\Users\ALS\Desktop\Backend\image\node_modules\iconv-lite is being purged from base C:\Users\ALS\Desktop\Backend\image
426 verbose gentlyRm don't care about contents; nuking C:\Users\ALS\Desktop\Backend\image\node_modules\iconv-lite
427 silly gentlyRm C:\Users\ALS\Desktop\Backend\image\node_modules\iconv-lite is being purged from base C:\Users\ALS\Desktop\Backend\image
428 verbose gentlyRm don't care about contents; nuking C:\Users\ALS\Desktop\Backend\image\node_modules\iconv-lite
429 silly gentlyRm C:\Users\ALS\Desktop\Backend\image\node_modules\iconv-lite is being purged from base C:\Users\ALS\Desktop\Backend\image
430 verbose gentlyRm don't care about contents; nuking C:\Users\ALS\Desktop\Backend\image\node_modules\iconv-lite
431 silly gentlyRm C:\Users\ALS\Desktop\Backend\image\node_modules\iconv-lite is being purged from base C:\Users\ALS\Desktop\Backend\image
432 verbose gentlyRm don't care about contents; nuking C:\Users\ALS\Desktop\Backend\image\node_modules\iconv-lite
433 silly gentlyRm C:\Users\ALS\Desktop\Backend\image\node_modules\iconv-lite is being purged from base C:\Users\ALS\Desktop\Backend\image
434 verbose gentlyRm don't care about contents; nuking C:\Users\ALS\Desktop\Backend\image\node_modules\iconv-lite
435 silly gentlyRm C:\Users\ALS\Desktop\Backend\image\node_modules\iconv-lite is being purged from base C:\Users\ALS\Desktop\Backend\image
436 verbose gentlyRm don't care about contents; nuking C:\Users\ALS\Desktop\Backend\image\node_modules\iconv-lite
437 silly gentlyRm C:\Users\ALS\Desktop\Backend\image\node_modules\iconv-lite is being purged from base C:\Users\ALS\Desktop\Backend\image
438 verbose gentlyRm don't care about contents; nuking C:\Users\ALS\Desktop\Backend\image\node_modules\iconv-lite
439 silly gentlyRm C:\Users\ALS\Desktop\Backend\image\node_modules\iconv-lite is being purged from base C:\Users\ALS\Desktop\Backend\image
440 verbose gentlyRm don't care about contents; nuking C:\Users\ALS\Desktop\Backend\image\node_modules\iconv-lite
441 silly rollbackFailedOptional Finishing
442 silly runTopLevelLifecycles Finishing
443 silly install printInstalled
444 warn image@0.0.1 No repository field.
445 verbose If you need help, you may report this error at:
445 verbose     <https://github.com/npm/npm/issues>
446 verbose stack Error
446 verbose stack     at destStatted (C:\Program Files\nodejs\node_modules\npm\lib\install\action\finalize.js:29:7)
446 verbose stack     at C:\Program Files\nodejs\node_modules\npm\node_modules\graceful-fs\polyfills.js:284:29
446 verbose stack     at FSReqWrap.oncomplete (fs.js:114:15)
446 verbose stack
446 verbose stack Error: EPERM: operation not permitted, rename 'C:\Users\ALS\Desktop\Backend\image\node_modules\.staging\iconv-lite-fecebbb1' -> 'C:\Users\ALS\Desktop\Backend\image\node_modules\iconv-lite'
447 verbose cwd C:\Users\ALS\Desktop\Backend\image
448 error Windows_NT 10.0.14393
449 error argv "C:\\Program Files\\nodejs\\node.exe" "C:\\Program Files\\nodejs\\node_modules\\npm\\bin\\npm-cli.js" "install" "--save" "body-parser"
450 error node v7.7.4
451 error npm  v4.1.2
452 error path C:\Users\ALS\Desktop\Backend\image\node_modules\.staging\iconv-lite-fecebbb1
453 error code EPERM
454 error errno -4048
455 error syscall rename
456 error Error
456 error     at destStatted (C:\Program Files\nodejs\node_modules\npm\lib\install\action\finalize.js:29:7)
456 error     at C:\Program Files\nodejs\node_modules\npm\node_modules\graceful-fs\polyfills.js:284:29
456 error     at FSReqWrap.oncomplete (fs.js:114:15)
456 error
456 error Error: EPERM: operation not permitted, rename 'C:\Users\ALS\Desktop\Backend\image\node_modules\.staging\iconv-lite-fecebbb1' -> 'C:\Users\ALS\Desktop\Backend\image\node_modules\iconv-lite'
456 error  { Error
456 error     at destStatted (C:\Program Files\nodejs\node_modules\npm\lib\install\action\finalize.js:29:7)
456 error     at C:\Program Files\nodejs\node_modules\npm\node_modules\graceful-fs\polyfills.js:284:29
456 error     at FSReqWrap.oncomplete (fs.js:114:15)
456 error
456 error Error: EPERM: operation not permitted, rename 'C:\Users\ALS\Desktop\Backend\image\node_modules\.staging\iconv-lite-fecebbb1' -> 'C:\Users\ALS\Desktop\Backend\image\node_modules\iconv-lite' parent: 'image' }
457 error Please try running this command again as root/Administrator.
458 verbose exit [ -4048, true ]
